{"/home/dpavel/projects/wardrobe/server/envVars.js": {"path":"/home/dpavel/projects/wardrobe/server/envVars.js","statementMap":{"0":{"start":{"line":1,"column":17},"end":{"line":1,"column":30}},"1":{"start":{"line":3,"column":13},"end":{"line":3,"column":15}},"2":{"start":{"line":5,"column":0},"end":{"line":5,"column":17}},"3":{"start":{"line":6,"column":0},"end":{"line":6,"column":115}},"4":{"start":{"line":8,"column":0},"end":{"line":8,"column":106}},"5":{"start":{"line":9,"column":0},"end":{"line":11,"column":3}},"6":{"start":{"line":13,"column":0},"end":{"line":13,"column":22}}},"fnMap":{},"branchMap":{},"s":{"0":4,"1":4,"2":4,"3":4,"4":4,"5":4,"6":4},"f":{},"b":{},"_coverageSchema":"1a1c01bbd47fc00a2c39e90264f33305004495a9","hash":"3c2ffbe59602d4eb428e5faaef1b1df1a638c72f"}
,"/home/dpavel/projects/wardrobe/server/models/clothingTypeModel.js": {"path":"/home/dpavel/projects/wardrobe/server/models/clothingTypeModel.js","statementMap":{"0":{"start":{"line":1,"column":15},"end":{"line":1,"column":36}},"1":{"start":{"line":3,"column":22},"end":{"line":3,"column":24}},"2":{"start":{"line":6,"column":0},"end":{"line":26,"column":2}},"3":{"start":{"line":7,"column":2},"end":{"line":25,"column":3}},"4":{"start":{"line":8,"column":35},"end":{"line":8,"column":42}},"5":{"start":{"line":10,"column":24},"end":{"line":15,"column":5}},"6":{"start":{"line":17,"column":16},"end":{"line":20,"column":5}},"7":{"start":{"line":22,"column":4},"end":{"line":22,"column":23}},"8":{"start":{"line":24,"column":4},"end":{"line":24,"column":15}},"9":{"start":{"line":29,"column":0},"end":{"line":43,"column":2}},"10":{"start":{"line":30,"column":2},"end":{"line":42,"column":3}},"11":{"start":{"line":31,"column":24},"end":{"line":35,"column":5}},"12":{"start":{"line":37,"column":16},"end":{"line":37,"column":51}},"13":{"start":{"line":39,"column":4},"end":{"line":39,"column":23}},"14":{"start":{"line":41,"column":4},"end":{"line":41,"column":15}},"15":{"start":{"line":46,"column":0},"end":{"line":59,"column":2}},"16":{"start":{"line":47,"column":2},"end":{"line":58,"column":3}},"17":{"start":{"line":48,"column":24},"end":{"line":51,"column":5}},"18":{"start":{"line":53,"column":16},"end":{"line":53,"column":51}},"19":{"start":{"line":55,"column":4},"end":{"line":55,"column":23}},"20":{"start":{"line":57,"column":4},"end":{"line":57,"column":15}},"21":{"start":{"line":62,"column":0},"end":{"line":78,"column":2}},"22":{"start":{"line":63,"column":2},"end":{"line":77,"column":3}},"23":{"start":{"line":64,"column":24},"end":{"line":70,"column":5}},"24":{"start":{"line":72,"column":16},"end":{"line":72,"column":43}},"25":{"start":{"line":74,"column":4},"end":{"line":74,"column":20}},"26":{"start":{"line":76,"column":4},"end":{"line":76,"column":15}},"27":{"start":{"line":82,"column":0},"end":{"line":102,"column":2}},"28":{"start":{"line":83,"column":2},"end":{"line":101,"column":3}},"29":{"start":{"line":84,"column":35},"end":{"line":84,"column":42}},"30":{"start":{"line":86,"column":24},"end":{"line":91,"column":5}},"31":{"start":{"line":93,"column":16},"end":{"line":96,"column":5}},"32":{"start":{"line":98,"column":4},"end":{"line":98,"column":23}},"33":{"start":{"line":100,"column":4},"end":{"line":100,"column":15}},"34":{"start":{"line":104,"column":0},"end":{"line":107,"column":1}}},"fnMap":{"0":{"name":"(anonymous_0)","decl":{"start":{"line":6,"column":27},"end":{"line":6,"column":28}},"loc":{"start":{"line":6,"column":46},"end":{"line":26,"column":1}},"line":6},"1":{"name":"(anonymous_1)","decl":{"start":{"line":29,"column":27},"end":{"line":29,"column":28}},"loc":{"start":{"line":29,"column":41},"end":{"line":43,"column":1}},"line":29},"2":{"name":"(anonymous_2)","decl":{"start":{"line":46,"column":24},"end":{"line":46,"column":25}},"loc":{"start":{"line":46,"column":38},"end":{"line":59,"column":1}},"line":46},"3":{"name":"(anonymous_3)","decl":{"start":{"line":62,"column":23},"end":{"line":62,"column":24}},"loc":{"start":{"line":62,"column":35},"end":{"line":78,"column":1}},"line":62},"4":{"name":"(anonymous_4)","decl":{"start":{"line":82,"column":27},"end":{"line":82,"column":28}},"loc":{"start":{"line":82,"column":50},"end":{"line":102,"column":1}},"line":82}},"branchMap":{},"s":{"0":2,"1":2,"2":2,"3":5,"4":5,"5":3,"6":3,"7":0,"8":5,"9":2,"10":2,"11":2,"12":2,"13":2,"14":0,"15":2,"16":2,"17":2,"18":2,"19":2,"20":0,"21":2,"22":1,"23":1,"24":1,"25":1,"26":0,"27":2,"28":1,"29":1,"30":1,"31":1,"32":0,"33":1,"34":2},"f":{"0":5,"1":2,"2":2,"3":1,"4":1},"b":{},"_coverageSchema":"1a1c01bbd47fc00a2c39e90264f33305004495a9","hash":"5c9393ba7871ea3b92f4d1aeaade94813144c599"}
,"/home/dpavel/projects/wardrobe/server/models/noSqlClothingModel.js": {"path":"/home/dpavel/projects/wardrobe/server/models/noSqlClothingModel.js","statementMap":{"0":{"start":{"line":1,"column":17},"end":{"line":1,"column":36}},"1":{"start":{"line":2,"column":15},"end":{"line":2,"column":30}},"2":{"start":{"line":12,"column":23},"end":{"line":20,"column":2}},"3":{"start":{"line":21,"column":16},"end":{"line":21,"column":57}},"4":{"start":{"line":23,"column":0},"end":{"line":26,"column":2}}},"fnMap":{},"branchMap":{},"s":{"0":1,"1":1,"2":1,"3":1,"4":1},"f":{},"b":{},"_coverageSchema":"1a1c01bbd47fc00a2c39e90264f33305004495a9","hash":"5665ef1b70c339b43d8cef6a1e6460201bd6cadb"}
,"/home/dpavel/projects/wardrobe/server/models/sqlClothingModel.js": {"path":"/home/dpavel/projects/wardrobe/server/models/sqlClothingModel.js","statementMap":{"0":{"start":{"line":1,"column":15},"end":{"line":1,"column":36}},"1":{"start":{"line":10,"column":16},"end":{"line":10,"column":18}},"2":{"start":{"line":12,"column":0},"end":{"line":36,"column":2}},"3":{"start":{"line":13,"column":2},"end":{"line":35,"column":3}},"4":{"start":{"line":18,"column":8},"end":{"line":18,"column":19}},"5":{"start":{"line":20,"column":24},"end":{"line":25,"column":5}},"6":{"start":{"line":27,"column":16},"end":{"line":30,"column":5}},"7":{"start":{"line":32,"column":4},"end":{"line":32,"column":23}},"8":{"start":{"line":34,"column":4},"end":{"line":34,"column":15}},"9":{"start":{"line":38,"column":0},"end":{"line":48,"column":2}},"10":{"start":{"line":39,"column":2},"end":{"line":47,"column":3}},"11":{"start":{"line":40,"column":21},"end":{"line":40,"column":59}},"12":{"start":{"line":42,"column":16},"end":{"line":42,"column":50}},"13":{"start":{"line":44,"column":4},"end":{"line":44,"column":23}},"14":{"start":{"line":46,"column":4},"end":{"line":46,"column":15}},"15":{"start":{"line":50,"column":0},"end":{"line":60,"column":1}},"16":{"start":{"line":51,"column":2},"end":{"line":59,"column":3}},"17":{"start":{"line":52,"column":21},"end":{"line":52,"column":64}},"18":{"start":{"line":54,"column":16},"end":{"line":54,"column":51}},"19":{"start":{"line":56,"column":4},"end":{"line":56,"column":23}},"20":{"start":{"line":58,"column":4},"end":{"line":58,"column":15}},"21":{"start":{"line":62,"column":0},"end":{"line":72,"column":1}},"22":{"start":{"line":63,"column":2},"end":{"line":71,"column":3}},"23":{"start":{"line":64,"column":21},"end":{"line":64,"column":66}},"24":{"start":{"line":66,"column":16},"end":{"line":66,"column":50}},"25":{"start":{"line":68,"column":4},"end":{"line":68,"column":20}},"26":{"start":{"line":70,"column":4},"end":{"line":70,"column":15}},"27":{"start":{"line":74,"column":0},"end":{"line":84,"column":1}},"28":{"start":{"line":75,"column":2},"end":{"line":83,"column":3}},"29":{"start":{"line":76,"column":21},"end":{"line":76,"column":46}},"30":{"start":{"line":78,"column":16},"end":{"line":78,"column":41}},"31":{"start":{"line":80,"column":4},"end":{"line":80,"column":20}},"32":{"start":{"line":82,"column":4},"end":{"line":82,"column":15}},"33":{"start":{"line":86,"column":0},"end":{"line":111,"column":2}},"34":{"start":{"line":87,"column":2},"end":{"line":110,"column":3}},"35":{"start":{"line":88,"column":23},"end":{"line":88,"column":34}},"36":{"start":{"line":91,"column":4},"end":{"line":93,"column":5}},"37":{"start":{"line":92,"column":6},"end":{"line":92,"column":48}},"38":{"start":{"line":95,"column":24},"end":{"line":100,"column":5}},"39":{"start":{"line":102,"column":16},"end":{"line":105,"column":5}},"40":{"start":{"line":107,"column":4},"end":{"line":107,"column":23}},"41":{"start":{"line":109,"column":4},"end":{"line":109,"column":15}},"42":{"start":{"line":113,"column":0},"end":{"line":127,"column":2}},"43":{"start":{"line":114,"column":2},"end":{"line":126,"column":3}},"44":{"start":{"line":115,"column":24},"end":{"line":119,"column":5}},"45":{"start":{"line":121,"column":16},"end":{"line":121,"column":53}},"46":{"start":{"line":123,"column":4},"end":{"line":123,"column":23}},"47":{"start":{"line":125,"column":4},"end":{"line":125,"column":15}},"48":{"start":{"line":129,"column":0},"end":{"line":133,"column":2}}},"fnMap":{"0":{"name":"(anonymous_0)","decl":{"start":{"line":12,"column":25},"end":{"line":12,"column":26}},"loc":{"start":{"line":12,"column":48},"end":{"line":36,"column":1}},"line":12},"1":{"name":"(anonymous_1)","decl":{"start":{"line":38,"column":18},"end":{"line":38,"column":19}},"loc":{"start":{"line":38,"column":32},"end":{"line":48,"column":1}},"line":38},"2":{"name":"(anonymous_2)","decl":{"start":{"line":50,"column":24},"end":{"line":50,"column":25}},"loc":{"start":{"line":50,"column":39},"end":{"line":60,"column":1}},"line":50},"3":{"name":"(anonymous_3)","decl":{"start":{"line":62,"column":26},"end":{"line":62,"column":27}},"loc":{"start":{"line":62,"column":40},"end":{"line":72,"column":1}},"line":62},"4":{"name":"(anonymous_4)","decl":{"start":{"line":74,"column":17},"end":{"line":74,"column":18}},"loc":{"start":{"line":74,"column":29},"end":{"line":84,"column":1}},"line":74},"5":{"name":"(anonymous_5)","decl":{"start":{"line":86,"column":25},"end":{"line":86,"column":26}},"loc":{"start":{"line":86,"column":52},"end":{"line":111,"column":1}},"line":86},"6":{"name":"(anonymous_6)","decl":{"start":{"line":113,"column":21},"end":{"line":113,"column":22}},"loc":{"start":{"line":113,"column":35},"end":{"line":127,"column":1}},"line":113}},"branchMap":{"0":{"loc":{"start":{"line":91,"column":4},"end":{"line":93,"column":5}},"type":"if","locations":[{"start":{"line":91,"column":4},"end":{"line":93,"column":5}},{"start":{},"end":{}}],"line":91}},"s":{"0":1,"1":1,"2":1,"3":1,"4":1,"5":1,"6":1,"7":1,"8":0,"9":1,"10":2,"11":2,"12":2,"13":2,"14":0,"15":1,"16":0,"17":0,"18":0,"19":0,"20":0,"21":1,"22":0,"23":0,"24":0,"25":0,"26":0,"27":1,"28":0,"29":0,"30":0,"31":0,"32":0,"33":1,"34":0,"35":0,"36":0,"37":0,"38":0,"39":0,"40":0,"41":0,"42":1,"43":1,"44":1,"45":1,"46":1,"47":0,"48":1},"f":{"0":1,"1":2,"2":0,"3":0,"4":0,"5":0,"6":1},"b":{"0":[0,0]},"_coverageSchema":"1a1c01bbd47fc00a2c39e90264f33305004495a9","hash":"640984b37a7028dbb6248a7a1cdc0e626c7c1430"}
,"/home/dpavel/projects/wardrobe/server/models/userModel.js": {"path":"/home/dpavel/projects/wardrobe/server/models/userModel.js","statementMap":{"0":{"start":{"line":1,"column":15},"end":{"line":1,"column":36}},"1":{"start":{"line":2,"column":15},"end":{"line":2,"column":32}},"2":{"start":{"line":4,"column":14},"end":{"line":4,"column":16}},"3":{"start":{"line":6,"column":20},"end":{"line":13,"column":1}},"4":{"start":{"line":7,"column":22},"end":{"line":7,"column":24}},"5":{"start":{"line":9,"column":15},"end":{"line":9,"column":48}},"6":{"start":{"line":10,"column":22},"end":{"line":10,"column":55}},"7":{"start":{"line":12,"column":2},"end":{"line":12,"column":21}},"8":{"start":{"line":16,"column":0},"end":{"line":25,"column":2}},"9":{"start":{"line":17,"column":2},"end":{"line":24,"column":3}},"10":{"start":{"line":18,"column":21},"end":{"line":18,"column":42}},"11":{"start":{"line":19,"column":16},"end":{"line":19,"column":40}},"12":{"start":{"line":21,"column":4},"end":{"line":21,"column":20}},"13":{"start":{"line":23,"column":4},"end":{"line":23,"column":15}},"14":{"start":{"line":28,"column":0},"end":{"line":37,"column":2}},"15":{"start":{"line":29,"column":2},"end":{"line":36,"column":3}},"16":{"start":{"line":30,"column":20},"end":{"line":30,"column":54}},"17":{"start":{"line":31,"column":16},"end":{"line":31,"column":45}},"18":{"start":{"line":33,"column":4},"end":{"line":33,"column":23}},"19":{"start":{"line":35,"column":4},"end":{"line":35,"column":15}},"20":{"start":{"line":40,"column":0},"end":{"line":49,"column":2}},"21":{"start":{"line":41,"column":2},"end":{"line":48,"column":3}},"22":{"start":{"line":42,"column":22},"end":{"line":42,"column":61}},"23":{"start":{"line":43,"column":16},"end":{"line":43,"column":53}},"24":{"start":{"line":45,"column":4},"end":{"line":45,"column":23}},"25":{"start":{"line":47,"column":4},"end":{"line":47,"column":15}},"26":{"start":{"line":52,"column":0},"end":{"line":65,"column":2}},"27":{"start":{"line":53,"column":2},"end":{"line":64,"column":3}},"28":{"start":{"line":54,"column":19},"end":{"line":54,"column":54}},"29":{"start":{"line":55,"column":4},"end":{"line":57,"column":5}},"30":{"start":{"line":56,"column":6},"end":{"line":56,"column":19}},"31":{"start":{"line":58,"column":23},"end":{"line":58,"column":38}},"32":{"start":{"line":60,"column":16},"end":{"line":60,"column":58}},"33":{"start":{"line":61,"column":4},"end":{"line":61,"column":15}},"34":{"start":{"line":63,"column":4},"end":{"line":63,"column":15}},"35":{"start":{"line":68,"column":0},"end":{"line":99,"column":2}},"36":{"start":{"line":69,"column":2},"end":{"line":98,"column":3}},"37":{"start":{"line":76,"column":8},"end":{"line":76,"column":15}},"38":{"start":{"line":78,"column":4},"end":{"line":80,"column":5}},"39":{"start":{"line":79,"column":6},"end":{"line":79,"column":47}},"40":{"start":{"line":82,"column":24},"end":{"line":82,"column":51}},"41":{"start":{"line":84,"column":24},"end":{"line":89,"column":5}},"42":{"start":{"line":90,"column":16},"end":{"line":93,"column":5}},"43":{"start":{"line":95,"column":4},"end":{"line":95,"column":23}},"44":{"start":{"line":97,"column":4},"end":{"line":97,"column":15}},"45":{"start":{"line":102,"column":0},"end":{"line":115,"column":2}},"46":{"start":{"line":103,"column":2},"end":{"line":114,"column":3}},"47":{"start":{"line":104,"column":21},"end":{"line":108,"column":5}},"48":{"start":{"line":109,"column":16},"end":{"line":109,"column":48}},"49":{"start":{"line":111,"column":4},"end":{"line":111,"column":23}},"50":{"start":{"line":113,"column":4},"end":{"line":113,"column":15}},"51":{"start":{"line":118,"column":0},"end":{"line":148,"column":1}},"52":{"start":{"line":119,"column":2},"end":{"line":147,"column":3}},"53":{"start":{"line":125,"column":8},"end":{"line":125,"column":15}},"54":{"start":{"line":128,"column":21},"end":{"line":128,"column":44}},"55":{"start":{"line":129,"column":4},"end":{"line":131,"column":5}},"56":{"start":{"line":130,"column":6},"end":{"line":130,"column":43}},"57":{"start":{"line":133,"column":24},"end":{"line":138,"column":5}},"58":{"start":{"line":139,"column":16},"end":{"line":142,"column":5}},"59":{"start":{"line":144,"column":4},"end":{"line":144,"column":23}},"60":{"start":{"line":146,"column":4},"end":{"line":146,"column":15}},"61":{"start":{"line":151,"column":0},"end":{"line":177,"column":1}},"62":{"start":{"line":152,"column":2},"end":{"line":176,"column":3}},"63":{"start":{"line":153,"column":17},"end":{"line":153,"column":40}},"64":{"start":{"line":157,"column":4},"end":{"line":171,"column":5}},"65":{"start":{"line":158,"column":26},"end":{"line":163,"column":7}},"66":{"start":{"line":164,"column":26},"end":{"line":164,"column":50}},"67":{"start":{"line":166,"column":18},"end":{"line":169,"column":7}},"68":{"start":{"line":170,"column":6},"end":{"line":170,"column":25}},"69":{"start":{"line":173,"column":4},"end":{"line":173,"column":16}},"70":{"start":{"line":175,"column":4},"end":{"line":175,"column":15}},"71":{"start":{"line":179,"column":0},"end":{"line":182,"column":2}}},"fnMap":{"0":{"name":"(anonymous_0)","decl":{"start":{"line":6,"column":20},"end":{"line":6,"column":21}},"loc":{"start":{"line":6,"column":40},"end":{"line":13,"column":1}},"line":6},"1":{"name":"(anonymous_1)","decl":{"start":{"line":16,"column":15},"end":{"line":16,"column":16}},"loc":{"start":{"line":16,"column":27},"end":{"line":25,"column":1}},"line":16},"2":{"name":"(anonymous_2)","decl":{"start":{"line":28,"column":16},"end":{"line":28,"column":17}},"loc":{"start":{"line":28,"column":30},"end":{"line":37,"column":1}},"line":28},"3":{"name":"(anonymous_3)","decl":{"start":{"line":40,"column":22},"end":{"line":40,"column":23}},"loc":{"start":{"line":40,"column":42},"end":{"line":49,"column":1}},"line":40},"4":{"name":"(anonymous_4)","decl":{"start":{"line":52,"column":19},"end":{"line":52,"column":20}},"loc":{"start":{"line":52,"column":53},"end":{"line":65,"column":1}},"line":52},"5":{"name":"(anonymous_5)","decl":{"start":{"line":68,"column":19},"end":{"line":68,"column":20}},"loc":{"start":{"line":68,"column":38},"end":{"line":99,"column":1}},"line":68},"6":{"name":"(anonymous_6)","decl":{"start":{"line":102,"column":19},"end":{"line":102,"column":20}},"loc":{"start":{"line":102,"column":33},"end":{"line":115,"column":1}},"line":102},"7":{"name":"(anonymous_7)","decl":{"start":{"line":118,"column":19},"end":{"line":118,"column":20}},"loc":{"start":{"line":118,"column":42},"end":{"line":148,"column":1}},"line":118},"8":{"name":"(anonymous_8)","decl":{"start":{"line":151,"column":23},"end":{"line":151,"column":24}},"loc":{"start":{"line":151,"column":50},"end":{"line":177,"column":1}},"line":151}},"branchMap":{"0":{"loc":{"start":{"line":55,"column":4},"end":{"line":57,"column":5}},"type":"if","locations":[{"start":{"line":55,"column":4},"end":{"line":57,"column":5}},{"start":{},"end":{}}],"line":55},"1":{"loc":{"start":{"line":78,"column":4},"end":{"line":80,"column":5}},"type":"if","locations":[{"start":{"line":78,"column":4},"end":{"line":80,"column":5}},{"start":{},"end":{}}],"line":78},"2":{"loc":{"start":{"line":129,"column":4},"end":{"line":131,"column":5}},"type":"if","locations":[{"start":{"line":129,"column":4},"end":{"line":131,"column":5}},{"start":{},"end":{}}],"line":129},"3":{"loc":{"start":{"line":157,"column":4},"end":{"line":171,"column":5}},"type":"if","locations":[{"start":{"line":157,"column":4},"end":{"line":171,"column":5}},{"start":{},"end":{}}],"line":157}},"s":{"0":3,"1":3,"2":3,"3":3,"4":6,"5":6,"6":6,"7":6,"8":3,"9":1,"10":1,"11":1,"12":1,"13":0,"14":3,"15":4,"16":4,"17":4,"18":4,"19":0,"20":3,"21":3,"22":3,"23":3,"24":3,"25":0,"26":3,"27":2,"28":2,"29":2,"30":0,"31":2,"32":2,"33":2,"34":0,"35":3,"36":7,"37":7,"38":7,"39":1,"40":6,"41":6,"42":6,"43":0,"44":7,"45":3,"46":3,"47":3,"48":3,"49":3,"50":0,"51":3,"52":1,"53":1,"54":1,"55":1,"56":0,"57":0,"58":0,"59":0,"60":1,"61":3,"62":1,"63":1,"64":1,"65":0,"66":0,"67":0,"68":0,"69":0,"70":1,"71":3},"f":{"0":6,"1":1,"2":4,"3":3,"4":2,"5":7,"6":3,"7":1,"8":1},"b":{"0":[0,2],"1":[1,6],"2":[0,0],"3":[0,0]},"_coverageSchema":"1a1c01bbd47fc00a2c39e90264f33305004495a9","hash":"6f0e934437757807650c9ed78ab141fb5b59d76d"}
,"/home/dpavel/projects/wardrobe/server/models/wardrobeModel.js": {"path":"/home/dpavel/projects/wardrobe/server/models/wardrobeModel.js","statementMap":{"0":{"start":{"line":1,"column":15},"end":{"line":1,"column":36}},"1":{"start":{"line":3,"column":18},"end":{"line":3,"column":20}},"2":{"start":{"line":6,"column":0},"end":{"line":28,"column":2}},"3":{"start":{"line":7,"column":2},"end":{"line":27,"column":3}},"4":{"start":{"line":11,"column":8},"end":{"line":11,"column":19}},"5":{"start":{"line":13,"column":24},"end":{"line":18,"column":5}},"6":{"start":{"line":19,"column":16},"end":{"line":22,"column":5}},"7":{"start":{"line":24,"column":4},"end":{"line":24,"column":23}},"8":{"start":{"line":26,"column":4},"end":{"line":26,"column":15}},"9":{"start":{"line":31,"column":0},"end":{"line":44,"column":2}},"10":{"start":{"line":32,"column":2},"end":{"line":43,"column":3}},"11":{"start":{"line":33,"column":21},"end":{"line":37,"column":5}},"12":{"start":{"line":38,"column":16},"end":{"line":38,"column":48}},"13":{"start":{"line":40,"column":4},"end":{"line":40,"column":23}},"14":{"start":{"line":42,"column":4},"end":{"line":42,"column":15}},"15":{"start":{"line":47,"column":0},"end":{"line":61,"column":2}},"16":{"start":{"line":48,"column":2},"end":{"line":60,"column":3}},"17":{"start":{"line":49,"column":26},"end":{"line":53,"column":5}},"18":{"start":{"line":55,"column":16},"end":{"line":55,"column":53}},"19":{"start":{"line":57,"column":4},"end":{"line":57,"column":23}},"20":{"start":{"line":59,"column":4},"end":{"line":59,"column":15}},"21":{"start":{"line":64,"column":0},"end":{"line":74,"column":2}},"22":{"start":{"line":65,"column":2},"end":{"line":73,"column":3}},"23":{"start":{"line":66,"column":21},"end":{"line":66,"column":47}},"24":{"start":{"line":68,"column":16},"end":{"line":68,"column":40}},"25":{"start":{"line":70,"column":4},"end":{"line":70,"column":20}},"26":{"start":{"line":72,"column":4},"end":{"line":72,"column":15}},"27":{"start":{"line":77,"column":0},"end":{"line":92,"column":2}},"28":{"start":{"line":78,"column":2},"end":{"line":91,"column":3}},"29":{"start":{"line":79,"column":21},"end":{"line":84,"column":5}},"30":{"start":{"line":86,"column":16},"end":{"line":86,"column":48}},"31":{"start":{"line":88,"column":4},"end":{"line":88,"column":20}},"32":{"start":{"line":90,"column":4},"end":{"line":90,"column":15}},"33":{"start":{"line":95,"column":0},"end":{"line":120,"column":1}},"34":{"start":{"line":96,"column":2},"end":{"line":119,"column":3}},"35":{"start":{"line":97,"column":29},"end":{"line":97,"column":40}},"36":{"start":{"line":98,"column":20},"end":{"line":98,"column":47}},"37":{"start":{"line":100,"column":4},"end":{"line":102,"column":5}},"38":{"start":{"line":101,"column":6},"end":{"line":101,"column":46}},"39":{"start":{"line":104,"column":24},"end":{"line":109,"column":5}},"40":{"start":{"line":110,"column":16},"end":{"line":113,"column":5}},"41":{"start":{"line":114,"column":18},"end":{"line":114,"column":60}},"42":{"start":{"line":116,"column":4},"end":{"line":116,"column":23}},"43":{"start":{"line":118,"column":4},"end":{"line":118,"column":15}},"44":{"start":{"line":122,"column":0},"end":{"line":125,"column":2}}},"fnMap":{"0":{"name":"(anonymous_0)","decl":{"start":{"line":6,"column":27},"end":{"line":6,"column":28}},"loc":{"start":{"line":6,"column":50},"end":{"line":28,"column":1}},"line":6},"1":{"name":"(anonymous_1)","decl":{"start":{"line":31,"column":23},"end":{"line":31,"column":24}},"loc":{"start":{"line":31,"column":37},"end":{"line":44,"column":1}},"line":31},"2":{"name":"(anonymous_2)","decl":{"start":{"line":47,"column":20},"end":{"line":47,"column":21}},"loc":{"start":{"line":47,"column":34},"end":{"line":61,"column":1}},"line":47},"3":{"name":"(anonymous_3)","decl":{"start":{"line":64,"column":19},"end":{"line":64,"column":20}},"loc":{"start":{"line":64,"column":31},"end":{"line":74,"column":1}},"line":64},"4":{"name":"(anonymous_4)","decl":{"start":{"line":77,"column":27},"end":{"line":77,"column":28}},"loc":{"start":{"line":77,"column":41},"end":{"line":92,"column":1}},"line":77},"5":{"name":"(anonymous_5)","decl":{"start":{"line":95,"column":27},"end":{"line":95,"column":28}},"loc":{"start":{"line":95,"column":54},"end":{"line":120,"column":1}},"line":95}},"branchMap":{"0":{"loc":{"start":{"line":100,"column":4},"end":{"line":102,"column":5}},"type":"if","locations":[{"start":{"line":100,"column":4},"end":{"line":102,"column":5}},{"start":{},"end":{}}],"line":100}},"s":{"0":2,"1":2,"2":2,"3":3,"4":3,"5":3,"6":3,"7":0,"8":3,"9":2,"10":2,"11":2,"12":2,"13":2,"14":0,"15":2,"16":4,"17":4,"18":4,"19":4,"20":0,"21":2,"22":1,"23":1,"24":1,"25":1,"26":0,"27":2,"28":0,"29":0,"30":0,"31":0,"32":0,"33":2,"34":2,"35":2,"36":2,"37":2,"38":0,"39":0,"40":0,"41":0,"42":0,"43":2,"44":2},"f":{"0":3,"1":2,"2":4,"3":1,"4":0,"5":2},"b":{"0":[0,0]},"_coverageSchema":"1a1c01bbd47fc00a2c39e90264f33305004495a9","hash":"b7b331e862672c801df188fbc1402f5c22cf0f50"}
}
