TN:
SF:server/envVars.js
FNF:0
FNH:0
DA:1,4
DA:3,4
DA:5,4
DA:6,4
DA:8,4
DA:9,4
DA:13,4
LF:7
LH:7
BRF:0
BRH:0
end_of_record
TN:
SF:server/models/clothingTypeModel.js
FN:6,(anonymous_0)
FN:29,(anonymous_1)
FN:46,(anonymous_2)
FN:62,(anonymous_3)
FN:82,(anonymous_4)
FNF:5
FNH:5
FNDA:5,(anonymous_0)
FNDA:2,(anonymous_1)
FNDA:2,(anonymous_2)
FNDA:1,(anonymous_3)
FNDA:1,(anonymous_4)
DA:1,2
DA:3,2
DA:6,2
DA:7,5
DA:8,5
DA:10,3
DA:17,3
DA:22,0
DA:24,5
DA:29,2
DA:30,2
DA:31,2
DA:37,2
DA:39,2
DA:41,0
DA:46,2
DA:47,2
DA:48,2
DA:53,2
DA:55,2
DA:57,0
DA:62,2
DA:63,1
DA:64,1
DA:72,1
DA:74,1
DA:76,0
DA:82,2
DA:83,1
DA:84,1
DA:86,1
DA:93,1
DA:98,0
DA:100,1
DA:104,2
LF:35
LH:30
BRF:0
BRH:0
end_of_record
TN:
SF:server/models/noSqlClothingModel.js
FNF:0
FNH:0
DA:1,1
DA:2,1
DA:12,1
DA:21,1
DA:23,1
LF:5
LH:5
BRF:0
BRH:0
end_of_record
TN:
SF:server/models/sqlClothingModel.js
FN:12,(anonymous_0)
FN:38,(anonymous_1)
FN:50,(anonymous_2)
FN:62,(anonymous_3)
FN:74,(anonymous_4)
FN:86,(anonymous_5)
FN:113,(anonymous_6)
FNF:7
FNH:3
FNDA:1,(anonymous_0)
FNDA:2,(anonymous_1)
FNDA:0,(anonymous_2)
FNDA:0,(anonymous_3)
FNDA:0,(anonymous_4)
FNDA:0,(anonymous_5)
FNDA:1,(anonymous_6)
DA:1,1
DA:10,1
DA:12,1
DA:13,1
DA:18,1
DA:20,1
DA:27,1
DA:32,1
DA:34,0
DA:38,1
DA:39,2
DA:40,2
DA:42,2
DA:44,2
DA:46,0
DA:50,1
DA:51,0
DA:52,0
DA:54,0
DA:56,0
DA:58,0
DA:62,1
DA:63,0
DA:64,0
DA:66,0
DA:68,0
DA:70,0
DA:74,1
DA:75,0
DA:76,0
DA:78,0
DA:80,0
DA:82,0
DA:86,1
DA:87,0
DA:88,0
DA:91,0
DA:92,0
DA:95,0
DA:102,0
DA:107,0
DA:109,0
DA:113,1
DA:114,1
DA:115,1
DA:121,1
DA:123,1
DA:125,0
DA:129,1
LF:49
LH:23
BRDA:91,0,0,0
BRDA:91,0,1,0
BRF:2
BRH:0
end_of_record
TN:
SF:server/models/userModel.js
FN:6,(anonymous_0)
FN:16,(anonymous_1)
FN:28,(anonymous_2)
FN:40,(anonymous_3)
FN:52,(anonymous_4)
FN:68,(anonymous_5)
FN:102,(anonymous_6)
FN:118,(anonymous_7)
FN:151,(anonymous_8)
FNF:9
FNH:9
FNDA:6,(anonymous_0)
FNDA:1,(anonymous_1)
FNDA:4,(anonymous_2)
FNDA:3,(anonymous_3)
FNDA:2,(anonymous_4)
FNDA:7,(anonymous_5)
FNDA:3,(anonymous_6)
FNDA:1,(anonymous_7)
FNDA:1,(anonymous_8)
DA:1,3
DA:2,3
DA:4,3
DA:6,3
DA:7,6
DA:9,6
DA:10,6
DA:12,6
DA:16,3
DA:17,1
DA:18,1
DA:19,1
DA:21,1
DA:23,0
DA:28,3
DA:29,4
DA:30,4
DA:31,4
DA:33,4
DA:35,0
DA:40,3
DA:41,3
DA:42,3
DA:43,3
DA:45,3
DA:47,0
DA:52,3
DA:53,2
DA:54,2
DA:55,2
DA:56,0
DA:58,2
DA:60,2
DA:61,2
DA:63,0
DA:68,3
DA:69,7
DA:76,7
DA:78,7
DA:79,1
DA:82,6
DA:84,6
DA:90,6
DA:95,0
DA:97,7
DA:102,3
DA:103,3
DA:104,3
DA:109,3
DA:111,3
DA:113,0
DA:118,3
DA:119,1
DA:125,1
DA:128,1
DA:129,1
DA:130,0
DA:133,0
DA:139,0
DA:144,0
DA:146,1
DA:151,3
DA:152,1
DA:153,1
DA:157,1
DA:158,0
DA:164,0
DA:166,0
DA:170,0
DA:173,0
DA:175,1
DA:179,3
LF:72
LH:56
BRDA:55,0,0,0
BRDA:55,0,1,2
BRDA:78,1,0,1
BRDA:78,1,1,6
BRDA:129,2,0,0
BRDA:129,2,1,0
BRDA:157,3,0,0
BRDA:157,3,1,0
BRF:8
BRH:3
end_of_record
TN:
SF:server/models/wardrobeModel.js
FN:6,(anonymous_0)
FN:31,(anonymous_1)
FN:47,(anonymous_2)
FN:64,(anonymous_3)
FN:77,(anonymous_4)
FN:95,(anonymous_5)
FNF:6
FNH:5
FNDA:3,(anonymous_0)
FNDA:2,(anonymous_1)
FNDA:4,(anonymous_2)
FNDA:1,(anonymous_3)
FNDA:0,(anonymous_4)
FNDA:2,(anonymous_5)
DA:1,2
DA:3,2
DA:6,2
DA:7,3
DA:11,3
DA:13,3
DA:19,3
DA:24,0
DA:26,3
DA:31,2
DA:32,2
DA:33,2
DA:38,2
DA:40,2
DA:42,0
DA:47,2
DA:48,4
DA:49,4
DA:55,4
DA:57,4
DA:59,0
DA:64,2
DA:65,1
DA:66,1
DA:68,1
DA:70,1
DA:72,0
DA:77,2
DA:78,0
DA:79,0
DA:86,0
DA:88,0
DA:90,0
DA:95,2
DA:96,2
DA:97,2
DA:98,2
DA:100,2
DA:101,0
DA:104,0
DA:110,0
DA:114,0
DA:116,0
DA:118,2
DA:122,2
LF:45
LH:31
BRDA:100,0,0,0
BRDA:100,0,1,0
BRF:2
BRH:0
end_of_record
